\BOOKMARK [1][-]{section.1}{Deskriptive Statistik}{}% 1
\BOOKMARK [2][-]{subsection.1.1}{Kenngr\366\337en \(Parameter: Zufallsvariablen}{section.1}% 2
\BOOKMARK [2][-]{subsection.1.2}{Kenngr\366\337en \(Parameter\): Stichprobe}{section.1}% 3
\BOOKMARK [3][-]{subsubsection.1.2.1}{Lagema\337e}{subsection.1.2}% 4
\BOOKMARK [3][-]{subsubsection.1.2.2}{Streuungsma\337e}{subsection.1.2}% 5
\BOOKMARK [3][-]{subsubsection.1.2.3}{Konzentrationsma\337e}{subsection.1.2}% 6
\BOOKMARK [3][-]{subsubsection.1.2.4}{Gestaltma\337e}{subsection.1.2}% 7
\BOOKMARK [3][-]{subsubsection.1.2.5}{Zusammenhangsma\337e}{subsection.1.2}% 8
\BOOKMARK [2][-]{subsection.1.3}{Tabellen}{section.1}% 9
\BOOKMARK [2][-]{subsection.1.4}{Diagramme}{section.1}% 10
\BOOKMARK [3][-]{subsubsection.1.4.1}{Histogramm}{subsection.1.4}% 11
\BOOKMARK [3][-]{subsubsection.1.4.2}{QQ-Plot}{subsection.1.4}% 12
\BOOKMARK [3][-]{subsubsection.1.4.3}{Plot der Realisationen}{subsection.1.4}% 13
\BOOKMARK [3][-]{subsubsection.1.4.4}{Scatterplot}{subsection.1.4}% 14
\BOOKMARK [1][-]{section.2}{Wahrscheinlichkeit}{}% 15
\BOOKMARK [2][-]{subsection.2.1}{Kombinatorik}{section.2}% 16
\BOOKMARK [2][-]{subsection.2.2}{Wahrscheinlichkeitsrechnung}{section.2}% 17
\BOOKMARK [1][-]{section.3}{Hypothesentests}{}% 18
\BOOKMARK [1][-]{section.4}{Regression}{}% 19
\BOOKMARK [2][-]{subsection.4.1}{Annahmen}{section.4}% 20
\BOOKMARK [2][-]{subsection.4.2}{Verfahren}{section.4}% 21
\BOOKMARK [3][-]{subsubsection.4.2.1}{Kleinste Quadrate \(OLS\)}{subsection.4.2}% 22
\BOOKMARK [3][-]{subsubsection.4.2.2}{Maximum Likelihood}{subsection.4.2}% 23
\BOOKMARK [2][-]{subsection.4.3}{Modell}{section.4}% 24
\BOOKMARK [3][-]{subsubsection.4.3.1}{lineare Einfachregression}{subsection.4.3}% 25
\BOOKMARK [3][-]{subsubsection.4.3.2}{Multivariate lineare Regression}{subsection.4.3}% 26
\BOOKMARK [2][-]{subsection.4.4}{ANOVA \(Streuungszerlegung\)}{section.4}% 27
\BOOKMARK [2][-]{subsection.4.5}{G\374tema\337e}{section.4}% 28
\BOOKMARK [3][-]{subsubsection.4.5.1}{Bestimmtheitsma\337}{subsection.4.5}% 29
\BOOKMARK [1][-]{section.5}{Klassifikation}{}% 30
\BOOKMARK [2][-]{subsection.5.1}{Diskriminanzanalyse \(Bayes\)}{section.5}% 31
\BOOKMARK [1][-]{section.6}{Clusteranalyse}{}% 32
